<?xml version="1.0" encoding="UTF-8"?>
<!-- Generated by org.testng.reporters.JUnitXMLReporter -->
<testsuite ignored="0" hostname="DESKTOP-CSEHL12" failures="0" tests="2" name="Automation Tests of HCC" time="48.45" errors="0" timestamp="2021-07-12T15:34:05 ART">
  <testcase classname="io.cucumber.testng.AbstractTestNGCucumberTests" name="runScenario" time="12.093"/>
  <testcase classname="io.cucumber.testng.AbstractTestNGCucumberTests" name="runScenario" time="48.118"/>
</testsuite> <!-- Automation Tests of HCC -->
