<?xml version="1.0" encoding="UTF-8"?>
<testng-results ignored="0" total="2" passed="2" failed="0" skipped="0">
  <reporter-output>
  </reporter-output>
  <suite started-at="2021-07-12T15:33:16 ART" name="Suite" finished-at="2021-07-12T15:34:05 ART" duration-ms="48450">
    <groups>
      <group name="cucumber">
        <method signature="AbstractTestNGCucumberTests.runScenario(io.cucumber.testng.PickleWrapper,io.cucumber.testng.FeatureWrapper)[pri:0, instance:com.ea.SpringBasic.runner.TestRunner@5223e5ee]" name="runScenario" class="io.cucumber.testng.AbstractTestNGCucumberTests"/>
      </group> <!-- cucumber -->
    </groups>
    <test started-at="2021-07-12T15:33:16 ART" name="Automation Tests of HCC" finished-at="2021-07-12T15:34:05 ART" duration-ms="48450">
      <class name="com.ea.SpringBasic.runner.TestRunner">
        <test-method is-config="true" signature="setUpClass()[pri:0, instance:com.ea.SpringBasic.runner.TestRunner@5223e5ee]" started-at="2021-07-12T15:33:16 ART" name="setUpClass" finished-at="2021-07-12T15:33:17 ART" duration-ms="269" status="PASS">
          <reporter-output>
          </reporter-output>
        </test-method> <!-- setUpClass -->
        <test-method signature="runScenario(io.cucumber.testng.PickleWrapper,io.cucumber.testng.FeatureWrapper)[pri:0, instance:com.ea.SpringBasic.runner.TestRunner@5223e5ee]" started-at="2021-07-12T15:33:17 ART" name="runScenario" description="Runs Cucumber Scenarios" data-provider="scenarios" finished-at="2021-07-12T15:33:29 ART" duration-ms="12093" status="PASS">
          <params>
            <param index="0">
              <value>
                <![CDATA["Login with correct username and password"]]>
              </value>
            </param>
            <param index="1">
              <value>
                <![CDATA["Optional[LoginFeature]"]]>
              </value>
            </param>
          </params>
          <reporter-output>
          </reporter-output>
        </test-method> <!-- runScenario -->
        <test-method signature="runScenario(io.cucumber.testng.PickleWrapper,io.cucumber.testng.FeatureWrapper)[pri:0, instance:com.ea.SpringBasic.runner.TestRunner@5223e5ee]" started-at="2021-07-12T15:33:17 ART" name="runScenario" description="Runs Cucumber Scenarios" data-provider="scenarios" finished-at="2021-07-12T15:34:05 ART" duration-ms="48118" status="PASS">
          <params>
            <param index="0">
              <value>
                <![CDATA["Do the Optin Flow"]]>
              </value>
            </param>
            <param index="1">
              <value>
                <![CDATA["Optional[Do the whole opt-in flow via API and validate the creation of a new prospect with their correct data]"]]>
              </value>
            </param>
          </params>
          <reporter-output>
          </reporter-output>
        </test-method> <!-- runScenario -->
        <test-method is-config="true" signature="tearDownClass()[pri:0, instance:com.ea.SpringBasic.runner.TestRunner@5223e5ee]" started-at="2021-07-12T15:34:05 ART" name="tearDownClass" finished-at="2021-07-12T15:34:05 ART" duration-ms="37" status="PASS">
          <reporter-output>
          </reporter-output>
        </test-method> <!-- tearDownClass -->
      </class> <!-- com.ea.SpringBasic.runner.TestRunner -->
    </test> <!-- Automation Tests of HCC -->
  </suite> <!-- Suite -->
</testng-results>
